<?xml version="1.0" encoding="UTF-8"?>
<testng-results ignored="0" total="10" passed="10" failed="0" skipped="0">
  <reporter-output>
  </reporter-output>
  <suite started-at="2025-07-05T02:59:17 IST" name="Default suite" finished-at="2025-07-05T02:59:27 IST" duration-ms="9833">
    <groups>
    </groups>
    <test started-at="2025-07-05T02:59:17 IST" name="Default test" finished-at="2025-07-05T02:59:27 IST" duration-ms="9833">
      <class name="testcases.CartTests">
        <test-method is-config="true" signature="setup()[pri:0, instance:testcases.CartTests@6187d1f5]" started-at="2025-07-05T02:59:17 IST" name="setup" finished-at="2025-07-05T02:59:18 IST" duration-ms="272" status="PASS">
          <reporter-output>
          </reporter-output>
        </test-method> <!-- setup -->
        <test-method signature="testCreateCart()[pri:0, instance:testcases.CartTests@6187d1f5]" started-at="2025-07-05T02:59:18 IST" name="testCreateCart" finished-at="2025-07-05T02:59:20 IST" duration-ms="2254" status="PASS">
          <reporter-output>
          </reporter-output>
        </test-method> <!-- testCreateCart -->
        <test-method signature="testDeleteCart()[pri:0, instance:testcases.CartTests@6187d1f5]" started-at="2025-07-05T02:59:20 IST" name="testDeleteCart" finished-at="2025-07-05T02:59:21 IST" duration-ms="810" status="PASS">
          <reporter-output>
          </reporter-output>
        </test-method> <!-- testDeleteCart -->
        <test-method signature="testGetAllCarts()[pri:0, instance:testcases.CartTests@6187d1f5]" started-at="2025-07-05T02:59:21 IST" name="testGetAllCarts" finished-at="2025-07-05T02:59:22 IST" duration-ms="823" status="PASS">
          <reporter-output>
          </reporter-output>
        </test-method> <!-- testGetAllCarts -->
        <test-method signature="testGetCartById()[pri:0, instance:testcases.CartTests@6187d1f5]" started-at="2025-07-05T02:59:22 IST" name="testGetCartById" finished-at="2025-07-05T02:59:22 IST" duration-ms="815" status="PASS">
          <reporter-output>
          </reporter-output>
        </test-method> <!-- testGetCartById -->
        <test-method signature="testGetCartInDateRange()[pri:0, instance:testcases.CartTests@6187d1f5]" started-at="2025-07-05T02:59:22 IST" name="testGetCartInDateRange" finished-at="2025-07-05T02:59:23 IST" duration-ms="802" status="PASS">
          <reporter-output>
          </reporter-output>
        </test-method> <!-- testGetCartInDateRange -->
        <test-method signature="testGetCartWithLimit()[pri:0, instance:testcases.CartTests@6187d1f5]" started-at="2025-07-05T02:59:23 IST" name="testGetCartWithLimit" finished-at="2025-07-05T02:59:24 IST" duration-ms="820" status="PASS">
          <reporter-output>
          </reporter-output>
        </test-method> <!-- testGetCartWithLimit -->
        <test-method signature="testGetCartsSortedAsc()[pri:0, instance:testcases.CartTests@6187d1f5]" started-at="2025-07-05T02:59:24 IST" name="testGetCartsSortedAsc" finished-at="2025-07-05T02:59:25 IST" duration-ms="856" status="PASS">
          <reporter-output>
          </reporter-output>
        </test-method> <!-- testGetCartsSortedAsc -->
        <test-method signature="testGetCartsSortedDesc()[pri:0, instance:testcases.CartTests@6187d1f5]" started-at="2025-07-05T02:59:25 IST" name="testGetCartsSortedDesc" finished-at="2025-07-05T02:59:26 IST" duration-ms="816" status="PASS">
          <reporter-output>
          </reporter-output>
        </test-method> <!-- testGetCartsSortedDesc -->
        <test-method signature="testGetUserCart()[pri:0, instance:testcases.CartTests@6187d1f5]" started-at="2025-07-05T02:59:26 IST" name="testGetUserCart" finished-at="2025-07-05T02:59:26 IST" duration-ms="770" status="PASS">
          <reporter-output>
          </reporter-output>
        </test-method> <!-- testGetUserCart -->
        <test-method signature="testUpdateCart()[pri:0, instance:testcases.CartTests@6187d1f5]" started-at="2025-07-05T02:59:26 IST" name="testUpdateCart" finished-at="2025-07-05T02:59:27 IST" duration-ms="697" status="PASS">
          <reporter-output>
          </reporter-output>
        </test-method> <!-- testUpdateCart -->
      </class> <!-- testcases.CartTests -->
    </test> <!-- Default test -->
  </suite> <!-- Default suite -->
</testng-results>
