<?xml version="1.0" encoding="UTF-8"?>
<!-- Generated by org.testng.reporters.JUnitXMLReporter -->
<testsuite ignored="0" hostname="Tejas" failures="0" tests="5" name="Default test" time="13.87" errors="0" timestamp="2025-06-30T18:55:59 IST">
  <testcase classname="testcases.ProductDataDrivenTest" name="testAddNewProduct" time="5.206"/>
  <testcase classname="testcases.ProductDataDrivenTest" name="testAddNewProduct" time="2.102"/>
  <testcase classname="testcases.ProductDataDrivenTest" name="testAddNewProduct" time="2.105"/>
  <testcase classname="testcases.ProductDataDrivenTest" name="testAddNewProduct" time="1.772"/>
  <testcase classname="testcases.ProductDataDrivenTest" name="testAddNewProduct" time="1.656"/>
</testsuite> <!-- Default test -->
