<?xml version="1.0" encoding="UTF-8"?>
<!-- Generated by org.testng.reporters.JUnitXMLReporter -->
<testsuite ignored="0" hostname="Tejas" failures="0" tests="10" name="Product Test" time="8.806" errors="0" timestamp="2025-07-05T00:52:34 IST">
  <testcase classname="testcases.ProductTests" name="testCreateProduct" time="2.265"/>
  <testcase classname="testcases.ProductTests" name="testDeleteProduct" time="0.757"/>
  <testcase classname="testcases.ProductTests" name="testGetAllCategories" time="0.62"/>
  <testcase classname="testcases.ProductTests" name="testGetAllProducts" time="0.663"/>
  <testcase classname="testcases.ProductTests" name="testGetProductById" time="0.583"/>
  <testcase classname="testcases.ProductTests" name="testGetProductWithLimit" time="0.717"/>
  <testcase classname="testcases.ProductTests" name="testGetProductsAscSorted" time="0.71"/>
  <testcase classname="testcases.ProductTests" name="testGetProductsByCategory" time="0.731"/>
  <testcase classname="testcases.ProductTests" name="testGetProductsDescSorted" time="0.66"/>
  <testcase classname="testcases.ProductTests" name="testUpdateProduct" time="0.597"/>
</testsuite> <!-- Product Test -->
