<?xml version="1.0" encoding="UTF-8"?>
<!-- Generated by org.testng.reporters.JUnitXMLReporter -->
<testsuite ignored="0" hostname="Tejas" failures="0" tests="3" name="Schema Test" time="4.09" errors="0" timestamp="2025-07-05T03:36:28 IST">
  <testcase classname="testcases.SchemaTests" name="testCartSchema" time="2.143"/>
  <testcase classname="testcases.SchemaTests" name="testProductSchema" time="0.628"/>
  <testcase classname="testcases.SchemaTests" name="testUserSchema" time="0.746"/>
</testsuite> <!-- Schema Test -->
