<?xml version="1.0" encoding="UTF-8"?>
<!-- Generated by org.testng.reporters.JUnitXMLReporter -->
<testsuite ignored="0" hostname="Tejas" failures="0" tests="15" name="Test" time="16.557" errors="0" timestamp="2025-06-30T19:38:02 IST">
  <testcase classname="testcases.ProductTests" name="testCreateProduct" time="2.717"/>
  <testcase classname="testcases.ProductTests" name="testDeleteProduct" time="0.654"/>
  <testcase classname="testcases.ProductTests" name="testGetAllCategories" time="0.62"/>
  <testcase classname="testcases.ProductTests" name="testGetAllProducts" time="0.838"/>
  <testcase classname="testcases.ProductTests" name="testGetProductById" time="0.539"/>
  <testcase classname="testcases.ProductTests" name="testGetProductWithLimit" time="0.705"/>
  <testcase classname="testcases.ProductTests" name="testGetProductsAscSorted" time="0.61"/>
  <testcase classname="testcases.ProductTests" name="testGetProductsByCategory" time="0.835"/>
  <testcase classname="testcases.ProductTests" name="testGetProductsDescSorted" time="0.608"/>
  <testcase classname="testcases.ProductTests" name="testUpdateProduct" time="0.697"/>
  <testcase classname="testcases.ProductDataDrivenTest" name="testAddNewProduct" time="1.297"/>
  <testcase classname="testcases.ProductDataDrivenTest" name="testAddNewProduct" time="1.385"/>
  <testcase classname="testcases.ProductDataDrivenTest" name="testAddNewProduct" time="1.341"/>
  <testcase classname="testcases.ProductDataDrivenTest" name="testAddNewProduct" time="1.516"/>
  <testcase classname="testcases.ProductDataDrivenTest" name="testAddNewProduct" time="1.358"/>
</testsuite> <!-- Test -->
