<?xml version="1.0" encoding="UTF-8"?>
<!-- Generated by org.testng.reporters.JUnitXMLReporter -->
<testsuite ignored="0" hostname="Tejas" failures="0" tests="8" name="User Test" time="7.943" errors="0" timestamp="2025-07-05T03:36:32 IST">
  <testcase classname="testcases.UserTest" name="createUser" time="2.402"/>
  <testcase classname="testcases.UserTest" name="deleteUser" time="0.796"/>
  <testcase classname="testcases.UserTest" name="testGetAllUsers" time="0.688"/>
  <testcase classname="testcases.UserTest" name="testGetUserAscendingOrder" time="0.792"/>
  <testcase classname="testcases.UserTest" name="testGetUserById" time="0.693"/>
  <testcase classname="testcases.UserTest" name="testGetUserDescendingOrder" time="0.705"/>
  <testcase classname="testcases.UserTest" name="testGetUserWithLimit" time="0.691"/>
  <testcase classname="testcases.UserTest" name="updateUser" time="0.657"/>
</testsuite> <!-- User Test -->
